<?xml version="1.0" encoding="UTF-8"?>
<!-- Generated by org.testng.reporters.JUnitXMLReporter -->
<testsuite hostname="DESKTOP-0M1MH5T" ignored="0" name="LinkedinTest" tests="5" failures="0" timestamp="2020-06-11T08:19:57 IST" time="72.266" errors="0">
  <testcase name="searchPeopleTest" time="11.167" classname="com.qa.linkedin.test.SearchDDTest"/>
  <testcase name="searchPeopleTest" time="8.013" classname="com.qa.linkedin.test.SearchDDTest"/>
  <testcase name="searchPeopleTest" time="7.315" classname="com.qa.linkedin.test.SearchDDTest"/>
  <testcase name="searchPeopleTest" time="7.411" classname="com.qa.linkedin.test.SearchDDTest"/>
  <testcase name="searchPeopleTest" time="7.044" classname="com.qa.linkedin.test.SearchDDTest"/>
</testsuite> <!-- LinkedinTest -->
