<?xml version="1.0" encoding="UTF-8"?>
<testng-results skipped="0" failed="0" ignored="0" total="5" passed="5">
  <reporter-output>
  </reporter-output>
  <suite name="LinkedinSuite" duration-ms="72266" started-at="2020-06-11T08:18:44 IST" finished-at="2020-06-11T08:19:56 IST">
    <groups>
    </groups>
    <test name="LinkedinTest" duration-ms="72266" started-at="2020-06-11T08:18:44 IST" finished-at="2020-06-11T08:19:56 IST">
      <class name="com.qa.linkedin.test.SearchDDTest">
        <test-method status="PASS" signature="setup()[pri:0, instance:com.qa.linkedin.test.SearchDDTest@5579bb86]" name="setup" is-config="true" duration-ms="17748" started-at="2020-06-11T08:18:26 IST" finished-at="2020-06-11T08:18:44 IST">
          <reporter-output>
          </reporter-output>
        </test-method> <!-- setup -->
        <test-method status="PASS" signature="beforeClass()[pri:0, instance:com.qa.linkedin.test.SearchDDTest@5579bb86]" name="beforeClass" is-config="true" duration-ms="23058" started-at="2020-06-11T08:18:44 IST" finished-at="2020-06-11T08:19:07 IST">
          <reporter-output>
          </reporter-output>
        </test-method> <!-- beforeClass -->
        <test-method status="PASS" signature="searchPeopleTest(java.lang.String)[pri:0, instance:com.qa.linkedin.test.SearchDDTest@5579bb86]" name="searchPeopleTest" duration-ms="11167" started-at="2020-06-11T08:19:13 IST" data-provider="testData" finished-at="2020-06-11T08:19:24 IST">
          <params>
            <param index="0">
              <value>
                <![CDATA[ramesh]]>
              </value>
            </param>
          </params>
          <reporter-output>
          </reporter-output>
        </test-method> <!-- searchPeopleTest -->
        <test-method status="PASS" signature="searchPeopleTest(java.lang.String)[pri:0, instance:com.qa.linkedin.test.SearchDDTest@5579bb86]" name="searchPeopleTest" duration-ms="8013" started-at="2020-06-11T08:19:24 IST" data-provider="testData" finished-at="2020-06-11T08:19:32 IST">
          <params>
            <param index="0">
              <value>
                <![CDATA[swapna]]>
              </value>
            </param>
          </params>
          <reporter-output>
          </reporter-output>
        </test-method> <!-- searchPeopleTest -->
        <test-method status="PASS" signature="searchPeopleTest(java.lang.String)[pri:0, instance:com.qa.linkedin.test.SearchDDTest@5579bb86]" name="searchPeopleTest" duration-ms="7315" started-at="2020-06-11T08:19:32 IST" data-provider="testData" finished-at="2020-06-11T08:19:40 IST">
          <params>
            <param index="0">
              <value>
                <![CDATA[gowri]]>
              </value>
            </param>
          </params>
          <reporter-output>
          </reporter-output>
        </test-method> <!-- searchPeopleTest -->
        <test-method status="PASS" signature="searchPeopleTest(java.lang.String)[pri:0, instance:com.qa.linkedin.test.SearchDDTest@5579bb86]" name="searchPeopleTest" duration-ms="7411" started-at="2020-06-11T08:19:40 IST" data-provider="testData" finished-at="2020-06-11T08:19:47 IST">
          <params>
            <param index="0">
              <value>
                <![CDATA[hema]]>
              </value>
            </param>
          </params>
          <reporter-output>
          </reporter-output>
        </test-method> <!-- searchPeopleTest -->
        <test-method status="PASS" signature="searchPeopleTest(java.lang.String)[pri:0, instance:com.qa.linkedin.test.SearchDDTest@5579bb86]" name="searchPeopleTest" duration-ms="7044" started-at="2020-06-11T08:19:47 IST" data-provider="testData" finished-at="2020-06-11T08:19:54 IST">
          <params>
            <param index="0">
              <value>
                <![CDATA[narasimha]]>
              </value>
            </param>
          </params>
          <reporter-output>
          </reporter-output>
        </test-method> <!-- searchPeopleTest -->
        <test-method status="PASS" signature="logoutTest()[pri:0, instance:com.qa.linkedin.test.SearchDDTest@5579bb86]" name="logoutTest" is-config="true" duration-ms="2114" started-at="2020-06-11T08:19:54 IST" finished-at="2020-06-11T08:19:56 IST">
          <reporter-output>
          </reporter-output>
        </test-method> <!-- logoutTest -->
        <test-method status="PASS" signature="tearDown()[pri:0, instance:com.qa.linkedin.test.SearchDDTest@5579bb86]" name="tearDown" is-config="true" duration-ms="1100" started-at="2020-06-11T08:19:58 IST" finished-at="2020-06-11T08:19:59 IST">
          <reporter-output>
          </reporter-output>
        </test-method> <!-- tearDown -->
      </class> <!-- com.qa.linkedin.test.SearchDDTest -->
    </test> <!-- LinkedinTest -->
  </suite> <!-- LinkedinSuite -->
</testng-results>
